# JRE version: OpenJDK Runtime Environment Temurin-21.0.9+10 (21.0.9+10) (build 21.0.9+10-LTS)
# Java VM: OpenJDK 64-Bit Server VM Temurin-21.0.9+10 (21.0.9+10-LTS, mixed mode, sharing, tiered, compressed oops, compressed class ptrs, parallel gc, windows-amd64)
GC Precious Log:
 CardTable entry size: 512
 CPUs: 12 total, 12 available
 Memory: 7521M
 Large Page Support: Disabled
 NUMA Support: Disabled
 Compressed Oops: Enabled (32-bit)
 Alignments: Space 512K, Generation 512K, Heap 2M
 Heap Min Capacity: 100M
 Heap Initial Capacity: 100M
 Heap Max Capacity: 2G
 Pre-touch: Disabled
 Parallel Workers: 10
Heap:
 PSYoungGen      total 12800K, used 10429K [0x00000000d5580000, 0x00000000d6480000, 0x0000000100000000)
  eden space 11776K, 80% used [0x00000000d5580000,0x00000000d5eb7710,0x00000000d6100000)
  from space 1024K, 96% used [0x00000000d6280000,0x00000000d6378000,0x00000000d6380000)
  to   space 1536K, 0% used [0x00000000d6100000,0x00000000d6100000,0x00000000d6280000)
 ParOldGen       total 68608K, used 64224K [0x0000000080000000, 0x0000000084300000, 0x00000000d5580000)
  object space 68608K, 93% used [0x0000000080000000,0x0000000083eb81b8,0x0000000084300000)
 Metaspace       used 64265K, committed 65792K, reserved 1114112K
  class space    used 6870K, committed 7552K, reserved 1048576K
GC Heap History (20 events):
Event: 99.923 GC heap before
{Heap before GC invocations=62 (full 3):
 PSYoungGen      total 12800K, used 12736K [0x00000000d5580000, 0x00000000d6400000, 0x0000000100000000)
  eden space 12288K, 100% used [0x00000000d5580000,0x00000000d6180000,0x00000000d6180000)
  from space 512K, 87% used [0x00000000d6380000,0x00000000d63f0000,0x00000000d6400000)
  to   space 512K, 0% used [0x00000000d6300000,0x00000000d6300000,0x00000000d6380000)
 ParOldGen       total 68608K, used 57174K [0x0000000080000000, 0x0000000084300000, 0x00000000d5580000)
  object space 68608K, 83% used [0x0000000080000000,0x00000000837d5a80,0x0000000084300000)
 Metaspace       used 63356K, committed 64896K, reserved 1114112K
  class space    used 6813K, committed 7488K, reserved 1048576K
}
Event: 99.927 GC heap after
{Heap after GC invocations=62 (full 3):
 PSYoungGen      total 12800K, used 512K [0x00000000d5580000, 0x00000000d6680000, 0x0000000100000000)
  eden space 12288K, 0% used [0x00000000d5580000,0x00000000d5580000,0x00000000d6180000)
  from space 512K, 100% used [0x00000000d6300000,0x00000000d6380000,0x00000000d6380000)
  to   space 2560K, 0% used [0x00000000d6400000,0x00000000d6400000,0x00000000d6680000)
 ParOldGen       total 68608K, used 58524K [0x0000000080000000, 0x0000000084300000, 0x00000000d5580000)
  object space 68608K, 85% used [0x0000000080000000,0x0000000083927198,0x0000000084300000)
 Metaspace       used 63356K, committed 64896K, reserved 1114112K
  class space    used 6813K, committed 7488K, reserved 1048576K
}
Event: 100.227 GC heap before
{Heap before GC invocations=63 (full 3):
 PSYoungGen      total 12800K, used 12800K [0x00000000d5580000, 0x00000000d6680000, 0x0000000100000000)
  eden space 12288K, 100% used [0x00000000d5580000,0x00000000d6180000,0x00000000d6180000)
  from space 512K, 100% used [0x00000000d6300000,0x00000000d6380000,0x00000000d6380000)
  to   space 2560K, 0% used [0x00000000d6400000,0x00000000d6400000,0x00000000d6680000)
 ParOldGen       total 68608K, used 58524K [0x0000000080000000, 0x0000000084300000, 0x00000000d5580000)
  object space 68608K, 85% used [0x0000000080000000,0x0000000083927198,0x0000000084300000)
 Metaspace       used 63555K, committed 65024K, reserved 1114112K
  class space    used 6828K, committed 7488K, reserved 1048576K
}
Event: 100.231 GC heap after
{Heap after GC invocations=63 (full 3):
 PSYoungGen      total 13824K, used 1184K [0x00000000d5580000, 0x00000000d6580000, 0x0000000100000000)
  eden space 12288K, 0% used [0x00000000d5580000,0x00000000d5580000,0x00000000d6180000)
  from space 1536K, 77% used [0x00000000d6400000,0x00000000d6528000,0x00000000d6580000)
  to   space 1536K, 0% used [0x00000000d6280000,0x00000000d6280000,0x00000000d6400000)
 ParOldGen       total 68608K, used 59004K [0x0000000080000000, 0x0000000084300000, 0x00000000d5580000)
  object space 68608K, 86% used [0x0000000080000000,0x000000008399f0d0,0x0000000084300000)
 Metaspace       used 63555K, committed 65024K, reserved 1114112K
  class space    used 6828K, committed 7488K, reserved 1048576K
}
Event: 100.460 GC heap before
{Heap before GC invocations=64 (full 3):
 PSYoungGen      total 13824K, used 13472K [0x00000000d5580000, 0x00000000d6580000, 0x0000000100000000)
  eden space 12288K, 100% used [0x00000000d5580000,0x00000000d6180000,0x00000000d6180000)
  from space 1536K, 77% used [0x00000000d6400000,0x00000000d6528000,0x00000000d6580000)
  to   space 1536K, 0% used [0x00000000d6280000,0x00000000d6280000,0x00000000d6400000)
 ParOldGen       total 68608K, used 59004K [0x0000000080000000, 0x0000000084300000, 0x00000000d5580000)
  object space 68608K, 86% used [0x0000000080000000,0x000000008399f0d0,0x0000000084300000)
 Metaspace       used 63734K, committed 65280K, reserved 1114112K
  class space    used 6864K, committed 7552K, reserved 1048576K
}
Event: 100.464 GC heap after
{Heap after GC invocations=64 (full 3):
 PSYoungGen      total 13824K, used 1172K [0x00000000d5580000, 0x00000000d6480000, 0x0000000100000000)
  eden space 12288K, 0% used [0x00000000d5580000,0x00000000d5580000,0x00000000d6180000)
  from space 1536K, 76% used [0x00000000d6280000,0x00000000d63a5180,0x00000000d6400000)
  to   space 512K, 0% used [0x00000000d6400000,0x00000000d6400000,0x00000000d6480000)
 ParOldGen       total 68608K, used 59625K [0x0000000080000000, 0x0000000084300000, 0x00000000d5580000)
  object space 68608K, 86% used [0x0000000080000000,0x0000000083a3a7c8,0x0000000084300000)
 Metaspace       used 63734K, committed 65280K, reserved 1114112K
  class space    used 6864K, committed 7552K, reserved 1048576K
}
Event: 100.765 GC heap before
{Heap before GC invocations=65 (full 3):
 PSYoungGen      total 13824K, used 13460K [0x00000000d5580000, 0x00000000d6480000, 0x0000000100000000)
  eden space 12288K, 100% used [0x00000000d5580000,0x00000000d6180000,0x00000000d6180000)
  from space 1536K, 76% used [0x00000000d6280000,0x00000000d63a5180,0x00000000d6400000)
  to   space 512K, 0% used [0x00000000d6400000,0x00000000d6400000,0x00000000d6480000)
 ParOldGen       total 68608K, used 59625K [0x0000000080000000, 0x0000000084300000, 0x00000000d5580000)
  object space 68608K, 86% used [0x0000000080000000,0x0000000083a3a7c8,0x0000000084300000)
 Metaspace       used 63763K, committed 65280K, reserved 1114112K
  class space    used 6864K, committed 7552K, reserved 1048576K
}
Event: 100.772 GC heap after
{Heap after GC invocations=65 (full 3):
 PSYoungGen      total 12800K, used 488K [0x00000000d5580000, 0x00000000d6580000, 0x0000000100000000)
  eden space 12288K, 0% used [0x00000000d5580000,0x00000000d5580000,0x00000000d6180000)
  from space 512K, 95% used [0x00000000d6400000,0x00000000d647a0f8,0x00000000d6480000)
  to   space 2048K, 0% used [0x00000000d6180000,0x00000000d6180000,0x00000000d6380000)
 ParOldGen       total 68608K, used 60636K [0x0000000080000000, 0x0000000084300000, 0x00000000d5580000)
  object space 68608K, 88% used [0x0000000080000000,0x0000000083b37188,0x0000000084300000)
 Metaspace       used 63763K, committed 65280K, reserved 1114112K
  class space    used 6864K, committed 7552K, reserved 1048576K
}
Event: 101.308 GC heap before
{Heap before GC invocations=66 (full 3):
 PSYoungGen      total 12800K, used 12776K [0x00000000d5580000, 0x00000000d6580000, 0x0000000100000000)
  eden space 12288K, 100% used [0x00000000d5580000,0x00000000d6180000,0x00000000d6180000)
  from space 512K, 95% used [0x00000000d6400000,0x00000000d647a0f8,0x00000000d6480000)
  to   space 2048K, 0% used [0x00000000d6180000,0x00000000d6180000,0x00000000d6380000)
 ParOldGen       total 68608K, used 60636K [0x0000000080000000, 0x0000000084300000, 0x00000000d5580000)
  object space 68608K, 88% used [0x0000000080000000,0x0000000083b37188,0x0000000084300000)
 Metaspace       used 63844K, committed 65408K, reserved 1114112K
  class space    used 6865K, committed 7552K, reserved 1048576K
}
Event: 101.311 GC heap after
{Heap after GC invocations=66 (full 3):
 PSYoungGen      total 14336K, used 1888K [0x00000000d5580000, 0x00000000d6580000, 0x0000000100000000)
  eden space 12288K, 0% used [0x00000000d5580000,0x00000000d5580000,0x00000000d6180000)
  from space 2048K, 92% used [0x00000000d6180000,0x00000000d6358000,0x00000000d6380000)
  to   space 2048K, 0% used [0x00000000d6380000,0x00000000d6380000,0x00000000d6580000)
 ParOldGen       total 68608K, used 61042K [0x0000000080000000, 0x0000000084300000, 0x00000000d5580000)
  object space 68608K, 88% used [0x0000000080000000,0x0000000083b9c848,0x0000000084300000)
 Metaspace       used 63844K, committed 65408K, reserved 1114112K
  class space    used 6865K, committed 7552K, reserved 1048576K
}
Event: 102.255 GC heap before
{Heap before GC invocations=67 (full 3):
 PSYoungGen      total 14336K, used 14167K [0x00000000d5580000, 0x00000000d6580000, 0x0000000100000000)
  eden space 12288K, 99% used [0x00000000d5580000,0x00000000d617dca8,0x00000000d6180000)
  from space 2048K, 92% used [0x00000000d6180000,0x00000000d6358000,0x00000000d6380000)
  to   space 2048K, 0% used [0x00000000d6380000,0x00000000d6380000,0x00000000d6580000)
 ParOldGen       total 68608K, used 61042K [0x0000000080000000, 0x0000000084300000, 0x00000000d5580000)
  object space 68608K, 88% used [0x0000000080000000,0x0000000083b9c848,0x0000000084300000)
 Metaspace       used 64032K, committed 65536K, reserved 1114112K
  class space    used 6867K, committed 7552K, reserved 1048576K
}
Event: 102.258 GC heap after
{Heap after GC invocations=67 (full 3):
 PSYoungGen      total 13312K, used 688K [0x00000000d5580000, 0x00000000d6480000, 0x0000000100000000)
  eden space 12288K, 0% used [0x00000000d5580000,0x00000000d5580000,0x00000000d6180000)
  from space 1024K, 67% used [0x00000000d6380000,0x00000000d642c010,0x00000000d6480000)
  to   space 1536K, 0% used [0x00000000d6180000,0x00000000d6180000,0x00000000d6300000)
 ParOldGen       total 68608K, used 62138K [0x0000000080000000, 0x0000000084300000, 0x00000000d5580000)
  object space 68608K, 90% used [0x0000000080000000,0x0000000083cae848,0x0000000084300000)
 Metaspace       used 64032K, committed 65536K, reserved 1114112K
  class space    used 6867K, committed 7552K, reserved 1048576K
}
Event: 102.688 GC heap before
{Heap before GC invocations=68 (full 3):
 PSYoungGen      total 13312K, used 12966K [0x00000000d5580000, 0x00000000d6480000, 0x0000000100000000)
  eden space 12288K, 99% used [0x00000000d5580000,0x00000000d617d9c8,0x00000000d6180000)
  from space 1024K, 67% used [0x00000000d6380000,0x00000000d642c010,0x00000000d6480000)
  to   space 1536K, 0% used [0x00000000d6180000,0x00000000d6180000,0x00000000d6300000)
 ParOldGen       total 68608K, used 62138K [0x0000000080000000, 0x0000000084300000, 0x00000000d5580000)
  object space 68608K, 90% used [0x0000000080000000,0x0000000083cae848,0x0000000084300000)
 Metaspace       used 64112K, committed 65664K, reserved 1114112K
  class space    used 6867K, committed 7552K, reserved 1048576K
}
Event: 102.691 GC heap after
{Heap after GC invocations=68 (full 3):
 PSYoungGen      total 13824K, used 767K [0x00000000d5580000, 0x00000000d6400000, 0x0000000100000000)
  eden space 12288K, 0% used [0x00000000d5580000,0x00000000d5580000,0x00000000d6180000)
  from space 1536K, 49% used [0x00000000d6180000,0x00000000d623fcc8,0x00000000d6300000)
  to   space 1024K, 0% used [0x00000000d6300000,0x00000000d6300000,0x00000000d6400000)
 ParOldGen       total 68608K, used 62650K [0x0000000080000000, 0x0000000084300000, 0x00000000d5580000)
  object space 68608K, 91% used [0x0000000080000000,0x0000000083d2e848,0x0000000084300000)
 Metaspace       used 64112K, committed 65664K, reserved 1114112K
  class space    used 6867K, committed 7552K, reserved 1048576K
}
Event: 102.921 GC heap before
{Heap before GC invocations=69 (full 3):
 PSYoungGen      total 13824K, used 13055K [0x00000000d5580000, 0x00000000d6400000, 0x0000000100000000)
  eden space 12288K, 100% used [0x00000000d5580000,0x00000000d6180000,0x00000000d6180000)
  from space 1536K, 49% used [0x00000000d6180000,0x00000000d623fcc8,0x00000000d6300000)
  to   space 1024K, 0% used [0x00000000d6300000,0x00000000d6300000,0x00000000d6400000)
 ParOldGen       total 68608K, used 62650K [0x0000000080000000, 0x0000000084300000, 0x00000000d5580000)
  object space 68608K, 91% used [0x0000000080000000,0x0000000083d2e848,0x0000000084300000)
 Metaspace       used 64117K, committed 65664K, reserved 1114112K
  class space    used 6867K, committed 7552K, reserved 1048576K
}
Event: 102.926 GC heap after
{Heap after GC invocations=69 (full 3):
 PSYoungGen      total 13312K, used 1018K [0x00000000d5580000, 0x00000000d6480000, 0x0000000100000000)
  eden space 12288K, 0% used [0x00000000d5580000,0x00000000d5580000,0x00000000d6180000)
  from space 1024K, 99% used [0x00000000d6300000,0x00000000d63fe938,0x00000000d6400000)
  to   space 1536K, 0% used [0x00000000d6180000,0x00000000d6180000,0x00000000d6300000)
 ParOldGen       total 68608K, used 63154K [0x0000000080000000, 0x0000000084300000, 0x00000000d5580000)
  object space 68608K, 92% used [0x0000000080000000,0x0000000083dac960,0x0000000084300000)
 Metaspace       used 64117K, committed 65664K, reserved 1114112K
  class space    used 6867K, committed 7552K, reserved 1048576K
}
Event: 103.101 GC heap before
{Heap before GC invocations=70 (full 3):
 PSYoungGen      total 13312K, used 13306K [0x00000000d5580000, 0x00000000d6480000, 0x0000000100000000)
  eden space 12288K, 100% used [0x00000000d5580000,0x00000000d6180000,0x00000000d6180000)
  from space 1024K, 99% used [0x00000000d6300000,0x00000000d63fe938,0x00000000d6400000)
  to   space 1536K, 0% used [0x00000000d6180000,0x00000000d6180000,0x00000000d6300000)
 ParOldGen       total 68608K, used 63154K [0x0000000080000000, 0x0000000084300000, 0x00000000d5580000)
  object space 68608K, 92% used [0x0000000080000000,0x0000000083dac960,0x0000000084300000)
 Metaspace       used 64162K, committed 65664K, reserved 1114112K
  class space    used 6867K, committed 7552K, reserved 1048576K
}
Event: 103.104 GC heap after
{Heap after GC invocations=70 (full 3):
 PSYoungGen      total 13312K, used 670K [0x00000000d5580000, 0x00000000d6380000, 0x0000000100000000)
  eden space 12288K, 0% used [0x00000000d5580000,0x00000000d5580000,0x00000000d6180000)
  from space 1024K, 65% used [0x00000000d6180000,0x00000000d6227ac8,0x00000000d6280000)
  to   space 1024K, 0% used [0x00000000d6280000,0x00000000d6280000,0x00000000d6380000)
 ParOldGen       total 68608K, used 63913K [0x0000000080000000, 0x0000000084300000, 0x00000000d5580000)
  object space 68608K, 93% used [0x0000000080000000,0x0000000083e6a6f0,0x0000000084300000)
 Metaspace       used 64162K, committed 65664K, reserved 1114112K
  class space    used 6867K, committed 7552K, reserved 1048576K
}
Event: 103.892 GC heap before
{Heap before GC invocations=71 (full 3):
 PSYoungGen      total 13312K, used 12943K [0x00000000d5580000, 0x00000000d6380000, 0x0000000100000000)
  eden space 12288K, 99% used [0x00000000d5580000,0x00000000d617c460,0x00000000d6180000)
  from space 1024K, 65% used [0x00000000d6180000,0x00000000d6227ac8,0x00000000d6280000)
  to   space 1024K, 0% used [0x00000000d6280000,0x00000000d6280000,0x00000000d6380000)
 ParOldGen       total 68608K, used 63913K [0x0000000080000000, 0x0000000084300000, 0x00000000d5580000)
  object space 68608K, 93% used [0x0000000080000000,0x0000000083e6a6f0,0x0000000084300000)
 Metaspace       used 64212K, committed 65728K, reserved 1114112K
  class space    used 6867K, committed 7552K, reserved 1048576K
}
Event: 103.894 GC heap after
{Heap after GC invocations=71 (full 3):
 PSYoungGen      total 12800K, used 992K [0x00000000d5580000, 0x00000000d6480000, 0x0000000100000000)
  eden space 11776K, 0% used [0x00000000d5580000,0x00000000d5580000,0x00000000d6100000)
  from space 1024K, 96% used [0x00000000d6280000,0x00000000d6378000,0x00000000d6380000)
  to   space 1536K, 0% used [0x00000000d6100000,0x00000000d6100000,0x00000000d6280000)
 ParOldGen       total 68608K, used 64224K [0x0000000080000000, 0x0000000084300000, 0x00000000d5580000)
  object space 68608K, 93% used [0x0000000080000000,0x0000000083eb81b8,0x0000000084300000)
 Metaspace       used 64212K, committed 65728K, reserved 1114112K
  class space    used 6867K, committed 7552K, reserved 1048576K
}

