# JRE version: OpenJDK Runtime Environment Temurin-21.0.10+7 (21.0.10+7) (build 21.0.10+7-LTS)
# Java VM: OpenJDK 64-Bit Server VM Temurin-21.0.10+7 (21.0.10+7-LTS, mixed mode, sharing, tiered, compressed oops, compressed class ptrs, parallel gc, windows-amd64)
GC Precious Log:
 CardTable entry size: 512
 CPUs: 12 total, 12 available
 Memory: 7521M
 Large Page Support: Disabled
 NUMA Support: Disabled
 Compressed Oops: Enabled (32-bit)
 Alignments: Space 512K, Generation 512K, Heap 2M
 Heap Min Capacity: 100M
 Heap Initial Capacity: 100M
 Heap Max Capacity: 2G
 Pre-touch: Disabled
 Parallel Workers: 10
Heap:
 PSYoungGen      total 12800K, used 1642K [0x00000000d5580000, 0x00000000d6400000, 0x0000000100000000)
  eden space 11776K, 5% used [0x00000000d5580000,0x00000000d561a8b0,0x00000000d6100000)
  from space 1024K, 100% used [0x00000000d6300000,0x00000000d6400000,0x00000000d6400000)
  to   space 1536K, 0% used [0x00000000d6100000,0x00000000d6100000,0x00000000d6280000)
 ParOldGen       total 76288K, used 75948K [0x0000000080000000, 0x0000000084a80000, 0x00000000d5580000)
  object space 76288K, 99% used [0x0000000080000000,0x0000000084a2b1c8,0x0000000084a80000)
 Metaspace       used 62541K, committed 64000K, reserved 1114112K
  class space    used 6626K, committed 7296K, reserved 1048576K
GC Heap History (20 events):
Event: 26.619 GC heap before
{Heap before GC invocations=130 (full 3):
 PSYoungGen      total 12800K, used 12288K [0x00000000d5580000, 0x00000000d6300000, 0x0000000100000000)
  eden space 11776K, 100% used [0x00000000d5580000,0x00000000d6100000,0x00000000d6100000)
  from space 1024K, 50% used [0x00000000d6200000,0x00000000d6280020,0x00000000d6300000)
  to   space 1024K, 0% used [0x00000000d6100000,0x00000000d6100000,0x00000000d6200000)
 ParOldGen       total 74752K, used 72181K [0x0000000080000000, 0x0000000084900000, 0x00000000d5580000)
  object space 74752K, 96% used [0x0000000080000000,0x000000008467d710,0x0000000084900000)
 Metaspace       used 59468K, committed 60928K, reserved 1114112K
  class space    used 6347K, committed 6976K, reserved 1048576K
}
Event: 26.620 GC heap after
{Heap after GC invocations=130 (full 3):
 PSYoungGen      total 12800K, used 352K [0x00000000d5580000, 0x00000000d6280000, 0x0000000100000000)
  eden space 11776K, 0% used [0x00000000d5580000,0x00000000d5580000,0x00000000d6100000)
  from space 1024K, 34% used [0x00000000d6100000,0x00000000d6158000,0x00000000d6200000)
  to   space 512K, 0% used [0x00000000d6200000,0x00000000d6200000,0x00000000d6280000)
 ParOldGen       total 74752K, used 72421K [0x0000000080000000, 0x0000000084900000, 0x00000000d5580000)
  object space 74752K, 96% used [0x0000000080000000,0x00000000846b9710,0x0000000084900000)
 Metaspace       used 59468K, committed 60928K, reserved 1114112K
  class space    used 6347K, committed 6976K, reserved 1048576K
}
Event: 26.642 GC heap before
{Heap before GC invocations=131 (full 3):
 PSYoungGen      total 12800K, used 12128K [0x00000000d5580000, 0x00000000d6280000, 0x0000000100000000)
  eden space 11776K, 100% used [0x00000000d5580000,0x00000000d6100000,0x00000000d6100000)
  from space 1024K, 34% used [0x00000000d6100000,0x00000000d6158000,0x00000000d6200000)
  to   space 512K, 0% used [0x00000000d6200000,0x00000000d6200000,0x00000000d6280000)
 ParOldGen       total 74752K, used 72421K [0x0000000080000000, 0x0000000084900000, 0x00000000d5580000)
  object space 74752K, 96% used [0x0000000080000000,0x00000000846b9710,0x0000000084900000)
 Metaspace       used 59473K, committed 60928K, reserved 1114112K
  class space    used 6347K, committed 6976K, reserved 1048576K
}
Event: 26.644 GC heap after
{Heap after GC invocations=131 (full 3):
 PSYoungGen      total 12288K, used 320K [0x00000000d5580000, 0x00000000d6280000, 0x0000000100000000)
  eden space 11776K, 0% used [0x00000000d5580000,0x00000000d5580000,0x00000000d6100000)
  from space 512K, 62% used [0x00000000d6200000,0x00000000d6250000,0x00000000d6280000)
  to   space 512K, 0% used [0x00000000d6180000,0x00000000d6180000,0x00000000d6200000)
 ParOldGen       total 74752K, used 72605K [0x0000000080000000, 0x0000000084900000, 0x00000000d5580000)
  object space 74752K, 97% used [0x0000000080000000,0x00000000846e7710,0x0000000084900000)
 Metaspace       used 59473K, committed 60928K, reserved 1114112K
  class space    used 6347K, committed 6976K, reserved 1048576K
}
Event: 26.663 GC heap before
{Heap before GC invocations=132 (full 3):
 PSYoungGen      total 12288K, used 12096K [0x00000000d5580000, 0x00000000d6280000, 0x0000000100000000)
  eden space 11776K, 100% used [0x00000000d5580000,0x00000000d6100000,0x00000000d6100000)
  from space 512K, 62% used [0x00000000d6200000,0x00000000d6250000,0x00000000d6280000)
  to   space 512K, 0% used [0x00000000d6180000,0x00000000d6180000,0x00000000d6200000)
 ParOldGen       total 74752K, used 72605K [0x0000000080000000, 0x0000000084900000, 0x00000000d5580000)
  object space 74752K, 97% used [0x0000000080000000,0x00000000846e7710,0x0000000084900000)
 Metaspace       used 59484K, committed 60928K, reserved 1114112K
  class space    used 6347K, committed 6976K, reserved 1048576K
}
Event: 26.664 GC heap after
{Heap after GC invocations=132 (full 3):
 PSYoungGen      total 12288K, used 448K [0x00000000d5580000, 0x00000000d6280000, 0x0000000100000000)
  eden space 11776K, 0% used [0x00000000d5580000,0x00000000d5580000,0x00000000d6100000)
  from space 512K, 87% used [0x00000000d6180000,0x00000000d61f0000,0x00000000d6200000)
  to   space 512K, 0% used [0x00000000d6200000,0x00000000d6200000,0x00000000d6280000)
 ParOldGen       total 74752K, used 72749K [0x0000000080000000, 0x0000000084900000, 0x00000000d5580000)
  object space 74752K, 97% used [0x0000000080000000,0x000000008470b710,0x0000000084900000)
 Metaspace       used 59484K, committed 60928K, reserved 1114112K
  class space    used 6347K, committed 6976K, reserved 1048576K
}
Event: 26.686 GC heap before
{Heap before GC invocations=133 (full 3):
 PSYoungGen      total 12288K, used 12224K [0x00000000d5580000, 0x00000000d6280000, 0x0000000100000000)
  eden space 11776K, 100% used [0x00000000d5580000,0x00000000d6100000,0x00000000d6100000)
  from space 512K, 87% used [0x00000000d6180000,0x00000000d61f0000,0x00000000d6200000)
  to   space 512K, 0% used [0x00000000d6200000,0x00000000d6200000,0x00000000d6280000)
 ParOldGen       total 74752K, used 72749K [0x0000000080000000, 0x0000000084900000, 0x00000000d5580000)
  object space 74752K, 97% used [0x0000000080000000,0x000000008470b710,0x0000000084900000)
 Metaspace       used 59506K, committed 60928K, reserved 1114112K
  class space    used 6347K, committed 6976K, reserved 1048576K
}
Event: 26.688 GC heap after
{Heap after GC invocations=133 (full 3):
 PSYoungGen      total 12288K, used 448K [0x00000000d5580000, 0x00000000d6280000, 0x0000000100000000)
  eden space 11776K, 0% used [0x00000000d5580000,0x00000000d5580000,0x00000000d6100000)
  from space 512K, 87% used [0x00000000d6200000,0x00000000d6270000,0x00000000d6280000)
  to   space 512K, 0% used [0x00000000d6180000,0x00000000d6180000,0x00000000d6200000)
 ParOldGen       total 74752K, used 72941K [0x0000000080000000, 0x0000000084900000, 0x00000000d5580000)
  object space 74752K, 97% used [0x0000000080000000,0x000000008473b720,0x0000000084900000)
 Metaspace       used 59506K, committed 60928K, reserved 1114112K
  class space    used 6347K, committed 6976K, reserved 1048576K
}
Event: 26.705 GC heap before
{Heap before GC invocations=134 (full 3):
 PSYoungGen      total 12288K, used 12224K [0x00000000d5580000, 0x00000000d6280000, 0x0000000100000000)
  eden space 11776K, 100% used [0x00000000d5580000,0x00000000d6100000,0x00000000d6100000)
  from space 512K, 87% used [0x00000000d6200000,0x00000000d6270000,0x00000000d6280000)
  to   space 512K, 0% used [0x00000000d6180000,0x00000000d6180000,0x00000000d6200000)
 ParOldGen       total 74752K, used 72941K [0x0000000080000000, 0x0000000084900000, 0x00000000d5580000)
  object space 74752K, 97% used [0x0000000080000000,0x000000008473b720,0x0000000084900000)
 Metaspace       used 59507K, committed 60928K, reserved 1114112K
  class space    used 6347K, committed 6976K, reserved 1048576K
}
Event: 26.707 GC heap after
{Heap after GC invocations=134 (full 3):
 PSYoungGen      total 12288K, used 288K [0x00000000d5580000, 0x00000000d6280000, 0x0000000100000000)
  eden space 11776K, 0% used [0x00000000d5580000,0x00000000d5580000,0x00000000d6100000)
  from space 512K, 56% used [0x00000000d6180000,0x00000000d61c8000,0x00000000d6200000)
  to   space 512K, 0% used [0x00000000d6200000,0x00000000d6200000,0x00000000d6280000)
 ParOldGen       total 74752K, used 73085K [0x0000000080000000, 0x0000000084900000, 0x00000000d5580000)
  object space 74752K, 97% used [0x0000000080000000,0x000000008475f720,0x0000000084900000)
 Metaspace       used 59507K, committed 60928K, reserved 1114112K
  class space    used 6347K, committed 6976K, reserved 1048576K
}
Event: 26.725 GC heap before
{Heap before GC invocations=135 (full 3):
 PSYoungGen      total 12288K, used 12064K [0x00000000d5580000, 0x00000000d6280000, 0x0000000100000000)
  eden space 11776K, 100% used [0x00000000d5580000,0x00000000d6100000,0x00000000d6100000)
  from space 512K, 56% used [0x00000000d6180000,0x00000000d61c8000,0x00000000d6200000)
  to   space 512K, 0% used [0x00000000d6200000,0x00000000d6200000,0x00000000d6280000)
 ParOldGen       total 74752K, used 73085K [0x0000000080000000, 0x0000000084900000, 0x00000000d5580000)
  object space 74752K, 97% used [0x0000000080000000,0x000000008475f720,0x0000000084900000)
 Metaspace       used 59531K, committed 60992K, reserved 1114112K
  class space    used 6347K, committed 6976K, reserved 1048576K
}
Event: 26.727 GC heap after
{Heap after GC invocations=135 (full 3):
 PSYoungGen      total 12288K, used 352K [0x00000000d5580000, 0x00000000d6280000, 0x0000000100000000)
  eden space 11776K, 0% used [0x00000000d5580000,0x00000000d5580000,0x00000000d6100000)
  from space 512K, 68% used [0x00000000d6200000,0x00000000d6258000,0x00000000d6280000)
  to   space 512K, 0% used [0x00000000d6180000,0x00000000d6180000,0x00000000d6200000)
 ParOldGen       total 74752K, used 73237K [0x0000000080000000, 0x0000000084900000, 0x00000000d5580000)
  object space 74752K, 97% used [0x0000000080000000,0x0000000084785720,0x0000000084900000)
 Metaspace       used 59531K, committed 60992K, reserved 1114112K
  class space    used 6347K, committed 6976K, reserved 1048576K
}
Event: 26.846 GC heap before
{Heap before GC invocations=136 (full 3):
 PSYoungGen      total 12288K, used 12128K [0x00000000d5580000, 0x00000000d6280000, 0x0000000100000000)
  eden space 11776K, 100% used [0x00000000d5580000,0x00000000d6100000,0x00000000d6100000)
  from space 512K, 68% used [0x00000000d6200000,0x00000000d6258000,0x00000000d6280000)
  to   space 512K, 0% used [0x00000000d6180000,0x00000000d6180000,0x00000000d6200000)
 ParOldGen       total 74752K, used 73237K [0x0000000080000000, 0x0000000084900000, 0x00000000d5580000)
  object space 74752K, 97% used [0x0000000080000000,0x0000000084785720,0x0000000084900000)
 Metaspace       used 60549K, committed 62016K, reserved 1114112K
  class space    used 6463K, committed 7104K, reserved 1048576K
}
Event: 26.848 GC heap after
{Heap after GC invocations=136 (full 3):
 PSYoungGen      total 12288K, used 512K [0x00000000d5580000, 0x00000000d6400000, 0x0000000100000000)
  eden space 11776K, 0% used [0x00000000d5580000,0x00000000d5580000,0x00000000d6100000)
  from space 512K, 100% used [0x00000000d6180000,0x00000000d6200000,0x00000000d6200000)
  to   space 1536K, 0% used [0x00000000d6280000,0x00000000d6280000,0x00000000d6400000)
 ParOldGen       total 74752K, used 73882K [0x0000000080000000, 0x0000000084900000, 0x00000000d5580000)
  object space 74752K, 98% used [0x0000000080000000,0x0000000084826940,0x0000000084900000)
 Metaspace       used 60549K, committed 62016K, reserved 1114112K
  class space    used 6463K, committed 7104K, reserved 1048576K
}
Event: 26.952 GC heap before
{Heap before GC invocations=137 (full 3):
 PSYoungGen      total 12288K, used 12288K [0x00000000d5580000, 0x00000000d6400000, 0x0000000100000000)
  eden space 11776K, 100% used [0x00000000d5580000,0x00000000d6100000,0x00000000d6100000)
  from space 512K, 100% used [0x00000000d6180000,0x00000000d6200000,0x00000000d6200000)
  to   space 1536K, 0% used [0x00000000d6280000,0x00000000d6280000,0x00000000d6400000)
 ParOldGen       total 74752K, used 73882K [0x0000000080000000, 0x0000000084900000, 0x00000000d5580000)
  object space 74752K, 98% used [0x0000000080000000,0x0000000084826940,0x0000000084900000)
 Metaspace       used 60982K, committed 62464K, reserved 1114112K
  class space    used 6504K, committed 7168K, reserved 1048576K
}
Event: 26.954 GC heap after
{Heap after GC invocations=137 (full 3):
 PSYoungGen      total 12800K, used 800K [0x00000000d5580000, 0x00000000d6380000, 0x0000000100000000)
  eden space 11776K, 0% used [0x00000000d5580000,0x00000000d5580000,0x00000000d6100000)
  from space 1024K, 78% used [0x00000000d6280000,0x00000000d6348020,0x00000000d6380000)
  to   space 1024K, 0% used [0x00000000d6180000,0x00000000d6180000,0x00000000d6280000)
 ParOldGen       total 74752K, used 74294K [0x0000000080000000, 0x0000000084900000, 0x00000000d5580000)
  object space 74752K, 99% used [0x0000000080000000,0x000000008488d950,0x0000000084900000)
 Metaspace       used 60982K, committed 62464K, reserved 1114112K
  class space    used 6504K, committed 7168K, reserved 1048576K
}
Event: 27.176 GC heap before
{Heap before GC invocations=138 (full 3):
 PSYoungGen      total 12800K, used 12576K [0x00000000d5580000, 0x00000000d6380000, 0x0000000100000000)
  eden space 11776K, 100% used [0x00000000d5580000,0x00000000d6100000,0x00000000d6100000)
  from space 1024K, 78% used [0x00000000d6280000,0x00000000d6348020,0x00000000d6380000)
  to   space 1024K, 0% used [0x00000000d6180000,0x00000000d6180000,0x00000000d6280000)
 ParOldGen       total 74752K, used 74294K [0x0000000080000000, 0x0000000084900000, 0x00000000d5580000)
  object space 74752K, 99% used [0x0000000080000000,0x000000008488d950,0x0000000084900000)
 Metaspace       used 61726K, committed 63232K, reserved 1114112K
  class space    used 6568K, committed 7232K, reserved 1048576K
}
Event: 27.178 GC heap after
{Heap after GC invocations=138 (full 3):
 PSYoungGen      total 12800K, used 1007K [0x00000000d5580000, 0x00000000d6500000, 0x0000000100000000)
  eden space 11776K, 0% used [0x00000000d5580000,0x00000000d5580000,0x00000000d6100000)
  from space 1024K, 98% used [0x00000000d6180000,0x00000000d627bc20,0x00000000d6280000)
  to   space 2048K, 0% used [0x00000000d6300000,0x00000000d6300000,0x00000000d6500000)
 ParOldGen       total 75264K, used 74979K [0x0000000080000000, 0x0000000084980000, 0x00000000d5580000)
  object space 75264K, 99% used [0x0000000080000000,0x0000000084938d80,0x0000000084980000)
 Metaspace       used 61726K, committed 63232K, reserved 1114112K
  class space    used 6568K, committed 7232K, reserved 1048576K
}
Event: 32.452 GC heap before
{Heap before GC invocations=139 (full 3):
 PSYoungGen      total 12800K, used 12783K [0x00000000d5580000, 0x00000000d6500000, 0x0000000100000000)
  eden space 11776K, 100% used [0x00000000d5580000,0x00000000d6100000,0x00000000d6100000)
  from space 1024K, 98% used [0x00000000d6180000,0x00000000d627bc20,0x00000000d6280000)
  to   space 2048K, 0% used [0x00000000d6300000,0x00000000d6300000,0x00000000d6500000)
 ParOldGen       total 75264K, used 74979K [0x0000000080000000, 0x0000000084980000, 0x00000000d5580000)
  object space 75264K, 99% used [0x0000000080000000,0x0000000084938d80,0x0000000084980000)
 Metaspace       used 62407K, committed 63872K, reserved 1114112K
  class space    used 6619K, committed 7296K, reserved 1048576K
}
Event: 32.456 GC heap after
{Heap after GC invocations=139 (full 3):
 PSYoungGen      total 12800K, used 1024K [0x00000000d5580000, 0x00000000d6400000, 0x0000000100000000)
  eden space 11776K, 0% used [0x00000000d5580000,0x00000000d5580000,0x00000000d6100000)
  from space 1024K, 100% used [0x00000000d6300000,0x00000000d6400000,0x00000000d6400000)
  to   space 1536K, 0% used [0x00000000d6100000,0x00000000d6100000,0x00000000d6280000)
 ParOldGen       total 76288K, used 75948K [0x0000000080000000, 0x0000000084a80000, 0x00000000d5580000)
  object space 76288K, 99% used [0x0000000080000000,0x0000000084a2b1c8,0x0000000084a80000)
 Metaspace       used 62407K, committed 63872K, reserved 1114112K
  class space    used 6619K, committed 7296K, reserved 1048576K
}

