# JRE version: OpenJDK Runtime Environment Temurin-21.0.9+10 (21.0.9+10) (build 21.0.9+10-LTS)
# Java VM: OpenJDK 64-Bit Server VM Temurin-21.0.9+10 (21.0.9+10-LTS, mixed mode, sharing, tiered, compressed oops, compressed class ptrs, parallel gc, windows-amd64)
GC Precious Log:
 CardTable entry size: 512
 CPUs: 12 total, 12 available
 Memory: 7521M
 Large Page Support: Disabled
 NUMA Support: Disabled
 Compressed Oops: Enabled (32-bit)
 Alignments: Space 512K, Generation 512K, Heap 2M
 Heap Min Capacity: 100M
 Heap Initial Capacity: 100M
 Heap Max Capacity: 2G
 Pre-touch: Disabled
 Parallel Workers: 10
Heap:
 PSYoungGen      total 4096K, used 936K [0x00000000d5580000, 0x00000000d5a80000, 0x0000000100000000)
  eden space 3072K, 15% used [0x00000000d5580000,0x00000000d55f6088,0x00000000d5880000)
  from space 1024K, 45% used [0x00000000d5880000,0x00000000d58f4010,0x00000000d5980000)
  to   space 1024K, 0% used [0x00000000d5980000,0x00000000d5980000,0x00000000d5a80000)
 ParOldGen       total 535552K, used 535467K [0x0000000080000000, 0x00000000a0b00000, 0x00000000d5580000)
  object space 535552K, 99% used [0x0000000080000000,0x00000000a0aeafd8,0x00000000a0b00000)
 Metaspace       used 104543K, committed 106368K, reserved 1179648K
  class space    used 10210K, committed 11072K, reserved 1048576K
GC Heap History (20 events):
Event: 733600.022 GC heap before
{Heap before GC invocations=15924 (full 16):
 PSYoungGen      total 3584K, used 2783K [0x00000000d5580000, 0x00000000d5b00000, 0x0000000100000000)
  eden space 2560K, 99% used [0x00000000d5580000,0x00000000d57ffff0,0x00000000d5800000)
  from space 1024K, 21% used [0x00000000d5980000,0x00000000d59b8000,0x00000000d5a80000)
  to   space 512K, 0% used [0x00000000d5a80000,0x00000000d5a80000,0x00000000d5b00000)
 ParOldGen       total 532480K, used 532058K [0x0000000080000000, 0x00000000a0800000, 0x00000000d5580000)
  object space 532480K, 99% used [0x0000000080000000,0x00000000a0796918,0x00000000a0800000)
 Metaspace       used 104542K, committed 106368K, reserved 1179648K
  class space    used 10210K, committed 11072K, reserved 1048576K
}
Event: 733600.026 GC heap after
{Heap after GC invocations=15924 (full 16):
 PSYoungGen      total 3072K, used 506K [0x00000000d5580000, 0x00000000d5b00000, 0x0000000100000000)
  eden space 2560K, 0% used [0x00000000d5580000,0x00000000d5580000,0x00000000d5800000)
  from space 512K, 98% used [0x00000000d5a80000,0x00000000d5afe900,0x00000000d5b00000)
  to   space 1024K, 0% used [0x00000000d5900000,0x00000000d5900000,0x00000000d5a00000)
 ParOldGen       total 532480K, used 532122K [0x0000000080000000, 0x00000000a0800000, 0x00000000d5580000)
  object space 532480K, 99% used [0x0000000080000000,0x00000000a07a6918,0x00000000a0800000)
 Metaspace       used 104542K, committed 106368K, reserved 1179648K
  class space    used 10210K, committed 11072K, reserved 1048576K
}
Event: 733600.041 GC heap before
{Heap before GC invocations=15925 (full 16):
 PSYoungGen      total 3072K, used 3066K [0x00000000d5580000, 0x00000000d5b00000, 0x0000000100000000)
  eden space 2560K, 100% used [0x00000000d5580000,0x00000000d5800000,0x00000000d5800000)
  from space 512K, 98% used [0x00000000d5a80000,0x00000000d5afe900,0x00000000d5b00000)
  to   space 1024K, 0% used [0x00000000d5900000,0x00000000d5900000,0x00000000d5a00000)
 ParOldGen       total 532480K, used 532122K [0x0000000080000000, 0x00000000a0800000, 0x00000000d5580000)
  object space 532480K, 99% used [0x0000000080000000,0x00000000a07a6918,0x00000000a0800000)
 Metaspace       used 104542K, committed 106368K, reserved 1179648K
  class space    used 10210K, committed 11072K, reserved 1048576K
}
Event: 733600.045 GC heap after
{Heap after GC invocations=15925 (full 16):
 PSYoungGen      total 3584K, used 676K [0x00000000d5580000, 0x00000000d5b00000, 0x0000000100000000)
  eden space 2560K, 0% used [0x00000000d5580000,0x00000000d5580000,0x00000000d5800000)
  from space 1024K, 66% used [0x00000000d5900000,0x00000000d59a9210,0x00000000d5a00000)
  to   space 1024K, 0% used [0x00000000d5a00000,0x00000000d5a00000,0x00000000d5b00000)
 ParOldGen       total 532992K, used 532540K [0x0000000080000000, 0x00000000a0880000, 0x00000000d5580000)
  object space 532992K, 99% used [0x0000000080000000,0x00000000a080f058,0x00000000a0880000)
 Metaspace       used 104542K, committed 106368K, reserved 1179648K
  class space    used 10210K, committed 11072K, reserved 1048576K
}
Event: 733603.318 GC heap before
{Heap before GC invocations=15926 (full 16):
 PSYoungGen      total 3584K, used 3236K [0x00000000d5580000, 0x00000000d5b00000, 0x0000000100000000)
  eden space 2560K, 99% used [0x00000000d5580000,0x00000000d57ffff8,0x00000000d5800000)
  from space 1024K, 66% used [0x00000000d5900000,0x00000000d59a9210,0x00000000d5a00000)
  to   space 1024K, 0% used [0x00000000d5a00000,0x00000000d5a00000,0x00000000d5b00000)
 ParOldGen       total 532992K, used 532540K [0x0000000080000000, 0x00000000a0880000, 0x00000000d5580000)
  object space 532992K, 99% used [0x0000000080000000,0x00000000a080f058,0x00000000a0880000)
 Metaspace       used 104542K, committed 106368K, reserved 1179648K
  class space    used 10210K, committed 11072K, reserved 1048576K
}
Event: 733603.322 GC heap after
{Heap after GC invocations=15926 (full 16):
 PSYoungGen      total 3072K, used 256K [0x00000000d5580000, 0x00000000d5a80000, 0x0000000100000000)
  eden space 2560K, 0% used [0x00000000d5580000,0x00000000d5580000,0x00000000d5800000)
  from space 512K, 50% used [0x00000000d5a00000,0x00000000d5a40000,0x00000000d5a80000)
  to   space 512K, 0% used [0x00000000d5980000,0x00000000d5980000,0x00000000d5a00000)
 ParOldGen       total 532992K, used 532804K [0x0000000080000000, 0x00000000a0880000, 0x00000000d5580000)
  object space 532992K, 99% used [0x0000000080000000,0x00000000a0851058,0x00000000a0880000)
 Metaspace       used 104542K, committed 106368K, reserved 1179648K
  class space    used 10210K, committed 11072K, reserved 1048576K
}
Event: 733603.333 GC heap before
{Heap before GC invocations=15927 (full 16):
 PSYoungGen      total 3072K, used 2816K [0x00000000d5580000, 0x00000000d5a80000, 0x0000000100000000)
  eden space 2560K, 100% used [0x00000000d5580000,0x00000000d5800000,0x00000000d5800000)
  from space 512K, 50% used [0x00000000d5a00000,0x00000000d5a40000,0x00000000d5a80000)
  to   space 512K, 0% used [0x00000000d5980000,0x00000000d5980000,0x00000000d5a00000)
 ParOldGen       total 532992K, used 532804K [0x0000000080000000, 0x00000000a0880000, 0x00000000d5580000)
  object space 532992K, 99% used [0x0000000080000000,0x00000000a0851058,0x00000000a0880000)
 Metaspace       used 104542K, committed 106368K, reserved 1179648K
  class space    used 10210K, committed 11072K, reserved 1048576K
}
Event: 733603.339 GC heap after
{Heap after GC invocations=15927 (full 16):
 PSYoungGen      total 3072K, used 506K [0x00000000d5580000, 0x00000000d5a80000, 0x0000000100000000)
  eden space 2560K, 0% used [0x00000000d5580000,0x00000000d5580000,0x00000000d5800000)
  from space 512K, 98% used [0x00000000d5980000,0x00000000d59fe900,0x00000000d5a00000)
  to   space 512K, 0% used [0x00000000d5a00000,0x00000000d5a00000,0x00000000d5a80000)
 ParOldGen       total 532992K, used 532900K [0x0000000080000000, 0x00000000a0880000, 0x00000000d5580000)
  object space 532992K, 99% used [0x0000000080000000,0x00000000a0869058,0x00000000a0880000)
 Metaspace       used 104542K, committed 106368K, reserved 1179648K
  class space    used 10210K, committed 11072K, reserved 1048576K
}
Event: 733603.517 GC heap before
{Heap before GC invocations=15928 (full 16):
 PSYoungGen      total 3072K, used 3066K [0x00000000d5580000, 0x00000000d5a80000, 0x0000000100000000)
  eden space 2560K, 100% used [0x00000000d5580000,0x00000000d5800000,0x00000000d5800000)
  from space 512K, 98% used [0x00000000d5980000,0x00000000d59fe900,0x00000000d5a00000)
  to   space 512K, 0% used [0x00000000d5a00000,0x00000000d5a00000,0x00000000d5a80000)
 ParOldGen       total 532992K, used 532900K [0x0000000080000000, 0x00000000a0880000, 0x00000000d5580000)
  object space 532992K, 99% used [0x0000000080000000,0x00000000a0869058,0x00000000a0880000)
 Metaspace       used 104542K, committed 106368K, reserved 1179648K
  class space    used 10210K, committed 11072K, reserved 1048576K
}
Event: 733603.521 GC heap after
{Heap after GC invocations=15928 (full 16):
 PSYoungGen      total 3072K, used 506K [0x00000000d5580000, 0x00000000d5b00000, 0x0000000100000000)
  eden space 2560K, 0% used [0x00000000d5580000,0x00000000d5580000,0x00000000d5800000)
  from space 512K, 98% used [0x00000000d5a00000,0x00000000d5a7e900,0x00000000d5a80000)
  to   space 1536K, 0% used [0x00000000d5800000,0x00000000d5800000,0x00000000d5980000)
 ParOldGen       total 533504K, used 533378K [0x0000000080000000, 0x00000000a0900000, 0x00000000d5580000)
  object space 533504K, 99% used [0x0000000080000000,0x00000000a08e0b68,0x00000000a0900000)
 Metaspace       used 104542K, committed 106368K, reserved 1179648K
  class space    used 10210K, committed 11072K, reserved 1048576K
}
Event: 733603.529 GC heap before
{Heap before GC invocations=15929 (full 16):
 PSYoungGen      total 3072K, used 3066K [0x00000000d5580000, 0x00000000d5b00000, 0x0000000100000000)
  eden space 2560K, 100% used [0x00000000d5580000,0x00000000d5800000,0x00000000d5800000)
  from space 512K, 98% used [0x00000000d5a00000,0x00000000d5a7e900,0x00000000d5a80000)
  to   space 1536K, 0% used [0x00000000d5800000,0x00000000d5800000,0x00000000d5980000)
 ParOldGen       total 533504K, used 533378K [0x0000000080000000, 0x00000000a0900000, 0x00000000d5580000)
  object space 533504K, 99% used [0x0000000080000000,0x00000000a08e0b68,0x00000000a0900000)
 Metaspace       used 104542K, committed 106368K, reserved 1179648K
  class space    used 10210K, committed 11072K, reserved 1048576K
}
Event: 733603.533 GC heap after
{Heap after GC invocations=15929 (full 16):
 PSYoungGen      total 4096K, used 560K [0x00000000d5580000, 0x00000000d5a80000, 0x0000000100000000)
  eden space 2560K, 0% used [0x00000000d5580000,0x00000000d5580000,0x00000000d5800000)
  from space 1536K, 36% used [0x00000000d5800000,0x00000000d588c010,0x00000000d5980000)
  to   space 1024K, 0% used [0x00000000d5980000,0x00000000d5980000,0x00000000d5a80000)
 ParOldGen       total 534016K, used 533702K [0x0000000080000000, 0x00000000a0980000, 0x00000000d5580000)
  object space 534016K, 99% used [0x0000000080000000,0x00000000a0931988,0x00000000a0980000)
 Metaspace       used 104542K, committed 106368K, reserved 1179648K
  class space    used 10210K, committed 11072K, reserved 1048576K
}
Event: 733603.801 GC heap before
{Heap before GC invocations=15930 (full 16):
 PSYoungGen      total 4096K, used 3120K [0x00000000d5580000, 0x00000000d5a80000, 0x0000000100000000)
  eden space 2560K, 99% used [0x00000000d5580000,0x00000000d57ffff8,0x00000000d5800000)
  from space 1536K, 36% used [0x00000000d5800000,0x00000000d588c010,0x00000000d5980000)
  to   space 1024K, 0% used [0x00000000d5980000,0x00000000d5980000,0x00000000d5a80000)
 ParOldGen       total 534016K, used 533702K [0x0000000080000000, 0x00000000a0980000, 0x00000000d5580000)
  object space 534016K, 99% used [0x0000000080000000,0x00000000a0931988,0x00000000a0980000)
 Metaspace       used 104542K, committed 106368K, reserved 1179648K
  class space    used 10210K, committed 11072K, reserved 1048576K
}
Event: 733603.804 GC heap after
{Heap after GC invocations=15930 (full 16):
 PSYoungGen      total 3584K, used 596K [0x00000000d5580000, 0x00000000d5a80000, 0x0000000100000000)
  eden space 2560K, 0% used [0x00000000d5580000,0x00000000d5580000,0x00000000d5800000)
  from space 1024K, 58% used [0x00000000d5980000,0x00000000d5a15200,0x00000000d5a80000)
  to   space 1024K, 0% used [0x00000000d5880000,0x00000000d5880000,0x00000000d5980000)
 ParOldGen       total 534528K, used 534123K [0x0000000080000000, 0x00000000a0a00000, 0x00000000d5580000)
  object space 534528K, 99% used [0x0000000080000000,0x00000000a099aec8,0x00000000a0a00000)
 Metaspace       used 104542K, committed 106368K, reserved 1179648K
  class space    used 10210K, committed 11072K, reserved 1048576K
}
Event: 733603.813 GC heap before
{Heap before GC invocations=15931 (full 16):
 PSYoungGen      total 3584K, used 3156K [0x00000000d5580000, 0x00000000d5a80000, 0x0000000100000000)
  eden space 2560K, 100% used [0x00000000d5580000,0x00000000d5800000,0x00000000d5800000)
  from space 1024K, 58% used [0x00000000d5980000,0x00000000d5a15200,0x00000000d5a80000)
  to   space 1024K, 0% used [0x00000000d5880000,0x00000000d5880000,0x00000000d5980000)
 ParOldGen       total 534528K, used 534123K [0x0000000080000000, 0x00000000a0a00000, 0x00000000d5580000)
  object space 534528K, 99% used [0x0000000080000000,0x00000000a099aec8,0x00000000a0a00000)
 Metaspace       used 104542K, committed 106368K, reserved 1179648K
  class space    used 10210K, committed 11072K, reserved 1048576K
}
Event: 733603.817 GC heap after
{Heap after GC invocations=15931 (full 16):
 PSYoungGen      total 3584K, used 448K [0x00000000d5580000, 0x00000000d5a00000, 0x0000000100000000)
  eden space 2560K, 0% used [0x00000000d5580000,0x00000000d5580000,0x00000000d5800000)
  from space 1024K, 43% used [0x00000000d5880000,0x00000000d58f0000,0x00000000d5980000)
  to   space 512K, 0% used [0x00000000d5980000,0x00000000d5980000,0x00000000d5a00000)
 ParOldGen       total 535040K, used 534604K [0x0000000080000000, 0x00000000a0a80000, 0x00000000d5580000)
  object space 535040K, 99% used [0x0000000080000000,0x00000000a0a13368,0x00000000a0a80000)
 Metaspace       used 104542K, committed 106368K, reserved 1179648K
  class space    used 10210K, committed 11072K, reserved 1048576K
}
Event: 733603.827 GC heap before
{Heap before GC invocations=15932 (full 16):
 PSYoungGen      total 3584K, used 3008K [0x00000000d5580000, 0x00000000d5a00000, 0x0000000100000000)
  eden space 2560K, 100% used [0x00000000d5580000,0x00000000d5800000,0x00000000d5800000)
  from space 1024K, 43% used [0x00000000d5880000,0x00000000d58f0000,0x00000000d5980000)
  to   space 512K, 0% used [0x00000000d5980000,0x00000000d5980000,0x00000000d5a00000)
 ParOldGen       total 535040K, used 534604K [0x0000000080000000, 0x00000000a0a80000, 0x00000000d5580000)
  object space 535040K, 99% used [0x0000000080000000,0x00000000a0a13368,0x00000000a0a80000)
 Metaspace       used 104542K, committed 106368K, reserved 1179648K
  class space    used 10210K, committed 11072K, reserved 1048576K
}
Event: 733603.834 GC heap after
{Heap after GC invocations=15932 (full 16):
 PSYoungGen      total 3584K, used 500K [0x00000000d5580000, 0x00000000d5a80000, 0x0000000100000000)
  eden space 3072K, 0% used [0x00000000d5580000,0x00000000d5580000,0x00000000d5880000)
  from space 512K, 97% used [0x00000000d5980000,0x00000000d59fd200,0x00000000d5a00000)
  to   space 1024K, 0% used [0x00000000d5880000,0x00000000d5880000,0x00000000d5980000)
 ParOldGen       total 535040K, used 534994K [0x0000000080000000, 0x00000000a0a80000, 0x00000000d5580000)
  object space 535040K, 99% used [0x0000000080000000,0x00000000a0a74898,0x00000000a0a80000)
 Metaspace       used 104542K, committed 106368K, reserved 1179648K
  class space    used 10210K, committed 11072K, reserved 1048576K
}
Event: 733872.971 GC heap before
{Heap before GC invocations=15933 (full 16):
 PSYoungGen      total 3584K, used 3572K [0x00000000d5580000, 0x00000000d5a80000, 0x0000000100000000)
  eden space 3072K, 99% used [0x00000000d5580000,0x00000000d587fe38,0x00000000d5880000)
  from space 512K, 97% used [0x00000000d5980000,0x00000000d59fd200,0x00000000d5a00000)
  to   space 1024K, 0% used [0x00000000d5880000,0x00000000d5880000,0x00000000d5980000)
 ParOldGen       total 535040K, used 534994K [0x0000000080000000, 0x00000000a0a80000, 0x00000000d5580000)
  object space 535040K, 99% used [0x0000000080000000,0x00000000a0a74898,0x00000000a0a80000)
 Metaspace       used 104543K, committed 106368K, reserved 1179648K
  class space    used 10210K, committed 11072K, reserved 1048576K
}
Event: 733873.335 GC heap after
{Heap after GC invocations=15933 (full 16):
 PSYoungGen      total 4096K, used 464K [0x00000000d5580000, 0x00000000d5a80000, 0x0000000100000000)
  eden space 3072K, 0% used [0x00000000d5580000,0x00000000d5580000,0x00000000d5880000)
  from space 1024K, 45% used [0x00000000d5880000,0x00000000d58f4010,0x00000000d5980000)
  to   space 1024K, 0% used [0x00000000d5980000,0x00000000d5980000,0x00000000d5a80000)
 ParOldGen       total 535552K, used 535467K [0x0000000080000000, 0x00000000a0b00000, 0x00000000d5580000)
  object space 535552K, 99% used [0x0000000080000000,0x00000000a0aeafd8,0x00000000a0b00000)
 Metaspace       used 104543K, committed 106368K, reserved 1179648K
  class space    used 10210K, committed 11072K, reserved 1048576K
}

