# JRE version: OpenJDK Runtime Environment Temurin-21.0.10+7 (21.0.10+7) (build 21.0.10+7-LTS)
# Java VM: OpenJDK 64-Bit Server VM Temurin-21.0.10+7 (21.0.10+7-LTS, mixed mode, sharing, tiered, compressed oops, compressed class ptrs, parallel gc, windows-amd64)
GC Precious Log:
 CardTable entry size: 512
 CPUs: 12 total, 12 available
 Memory: 7521M
 Large Page Support: Disabled
 NUMA Support: Disabled
 Compressed Oops: Enabled (32-bit)
 Alignments: Space 512K, Generation 512K, Heap 2M
 Heap Min Capacity: 100M
 Heap Initial Capacity: 100M
 Heap Max Capacity: 2G
 Pre-touch: Disabled
 Parallel Workers: 10
Heap:
 PSYoungGen      total 6656K, used 2632K [0x00000000d5580000, 0x00000000d5d00000, 0x0000000100000000)
  eden space 5632K, 39% used [0x00000000d5580000,0x00000000d57a8388,0x00000000d5b00000)
  from space 1024K, 41% used [0x00000000d5c00000,0x00000000d5c69e90,0x00000000d5d00000)
  to   space 1024K, 0% used [0x00000000d5b00000,0x00000000d5b00000,0x00000000d5c00000)
 ParOldGen       total 194560K, used 194306K [0x0000000080000000, 0x000000008be00000, 0x00000000d5580000)
  object space 194560K, 99% used [0x0000000080000000,0x000000008bdc09f8,0x000000008be00000)
 Metaspace       used 68194K, committed 69696K, reserved 1114112K
  class space    used 7226K, committed 7808K, reserved 1048576K
GC Heap History (20 events):
Event: 133.734 GC heap before
{Heap before GC invocations=248 (full 3):
 PSYoungGen      total 6656K, used 6528K [0x00000000d5580000, 0x00000000d5d00000, 0x0000000100000000)
  eden space 6144K, 100% used [0x00000000d5580000,0x00000000d5b80000,0x00000000d5b80000)
  from space 512K, 75% used [0x00000000d5c80000,0x00000000d5ce0000,0x00000000d5d00000)
  to   space 512K, 0% used [0x00000000d5c00000,0x00000000d5c00000,0x00000000d5c80000)
 ParOldGen       total 191488K, used 191118K [0x0000000080000000, 0x000000008bb00000, 0x00000000d5580000)
  object space 191488K, 99% used [0x0000000080000000,0x000000008baa3a18,0x000000008bb00000)
 Metaspace       used 65940K, committed 67328K, reserved 1114112K
  class space    used 7010K, committed 7552K, reserved 1048576K
}
Event: 133.739 GC heap after
{Heap after GC invocations=248 (full 3):
 PSYoungGen      total 6656K, used 320K [0x00000000d5580000, 0x00000000d5d00000, 0x0000000100000000)
  eden space 6144K, 0% used [0x00000000d5580000,0x00000000d5580000,0x00000000d5b80000)
  from space 512K, 62% used [0x00000000d5c00000,0x00000000d5c50000,0x00000000d5c80000)
  to   space 512K, 0% used [0x00000000d5c80000,0x00000000d5c80000,0x00000000d5d00000)
 ParOldGen       total 191488K, used 191309K [0x0000000080000000, 0x000000008bb00000, 0x00000000d5580000)
  object space 191488K, 99% used [0x0000000080000000,0x000000008bad36c8,0x000000008bb00000)
 Metaspace       used 65940K, committed 67328K, reserved 1114112K
  class space    used 7010K, committed 7552K, reserved 1048576K
}
Event: 134.935 GC heap before
{Heap before GC invocations=249 (full 3):
 PSYoungGen      total 6656K, used 6464K [0x00000000d5580000, 0x00000000d5d00000, 0x0000000100000000)
  eden space 6144K, 100% used [0x00000000d5580000,0x00000000d5b80000,0x00000000d5b80000)
  from space 512K, 62% used [0x00000000d5c00000,0x00000000d5c50000,0x00000000d5c80000)
  to   space 512K, 0% used [0x00000000d5c80000,0x00000000d5c80000,0x00000000d5d00000)
 ParOldGen       total 191488K, used 191309K [0x0000000080000000, 0x000000008bb00000, 0x00000000d5580000)
  object space 191488K, 99% used [0x0000000080000000,0x000000008bad36c8,0x000000008bb00000)
 Metaspace       used 65940K, committed 67328K, reserved 1114112K
  class space    used 7010K, committed 7552K, reserved 1048576K
}
Event: 134.937 GC heap after
{Heap after GC invocations=249 (full 3):
 PSYoungGen      total 6656K, used 320K [0x00000000d5580000, 0x00000000d5d00000, 0x0000000100000000)
  eden space 6144K, 0% used [0x00000000d5580000,0x00000000d5580000,0x00000000d5b80000)
  from space 512K, 62% used [0x00000000d5c80000,0x00000000d5cd0000,0x00000000d5d00000)
  to   space 512K, 0% used [0x00000000d5c00000,0x00000000d5c00000,0x00000000d5c80000)
 ParOldGen       total 191488K, used 191429K [0x0000000080000000, 0x000000008bb00000, 0x00000000d5580000)
  object space 191488K, 99% used [0x0000000080000000,0x000000008baf16c8,0x000000008bb00000)
 Metaspace       used 65940K, committed 67328K, reserved 1114112K
  class space    used 7010K, committed 7552K, reserved 1048576K
}
Event: 134.960 GC heap before
{Heap before GC invocations=250 (full 3):
 PSYoungGen      total 6656K, used 6464K [0x00000000d5580000, 0x00000000d5d00000, 0x0000000100000000)
  eden space 6144K, 100% used [0x00000000d5580000,0x00000000d5b80000,0x00000000d5b80000)
  from space 512K, 62% used [0x00000000d5c80000,0x00000000d5cd0000,0x00000000d5d00000)
  to   space 512K, 0% used [0x00000000d5c00000,0x00000000d5c00000,0x00000000d5c80000)
 ParOldGen       total 191488K, used 191429K [0x0000000080000000, 0x000000008bb00000, 0x00000000d5580000)
  object space 191488K, 99% used [0x0000000080000000,0x000000008baf16c8,0x000000008bb00000)
 Metaspace       used 65940K, committed 67328K, reserved 1114112K
  class space    used 7010K, committed 7552K, reserved 1048576K
}
Event: 134.962 GC heap after
{Heap after GC invocations=250 (full 3):
 PSYoungGen      total 6656K, used 256K [0x00000000d5580000, 0x00000000d5d00000, 0x0000000100000000)
  eden space 6144K, 0% used [0x00000000d5580000,0x00000000d5580000,0x00000000d5b80000)
  from space 512K, 50% used [0x00000000d5c00000,0x00000000d5c40000,0x00000000d5c80000)
  to   space 512K, 0% used [0x00000000d5c80000,0x00000000d5c80000,0x00000000d5d00000)
 ParOldGen       total 192000K, used 191605K [0x0000000080000000, 0x000000008bb80000, 0x00000000d5580000)
  object space 192000K, 99% used [0x0000000080000000,0x000000008bb1d6c8,0x000000008bb80000)
 Metaspace       used 65940K, committed 67328K, reserved 1114112K
  class space    used 7010K, committed 7552K, reserved 1048576K
}
Event: 135.025 GC heap before
{Heap before GC invocations=251 (full 3):
 PSYoungGen      total 6656K, used 6400K [0x00000000d5580000, 0x00000000d5d00000, 0x0000000100000000)
  eden space 6144K, 100% used [0x00000000d5580000,0x00000000d5b80000,0x00000000d5b80000)
  from space 512K, 50% used [0x00000000d5c00000,0x00000000d5c40000,0x00000000d5c80000)
  to   space 512K, 0% used [0x00000000d5c80000,0x00000000d5c80000,0x00000000d5d00000)
 ParOldGen       total 192000K, used 191605K [0x0000000080000000, 0x000000008bb80000, 0x00000000d5580000)
  object space 192000K, 99% used [0x0000000080000000,0x000000008bb1d6c8,0x000000008bb80000)
 Metaspace       used 65940K, committed 67328K, reserved 1114112K
  class space    used 7010K, committed 7552K, reserved 1048576K
}
Event: 135.028 GC heap after
{Heap after GC invocations=251 (full 3):
 PSYoungGen      total 6656K, used 447K [0x00000000d5580000, 0x00000000d5d00000, 0x0000000100000000)
  eden space 6144K, 0% used [0x00000000d5580000,0x00000000d5580000,0x00000000d5b80000)
  from space 512K, 87% used [0x00000000d5c80000,0x00000000d5ceff70,0x00000000d5d00000)
  to   space 512K, 0% used [0x00000000d5c00000,0x00000000d5c00000,0x00000000d5c80000)
 ParOldGen       total 192000K, used 191757K [0x0000000080000000, 0x000000008bb80000, 0x00000000d5580000)
  object space 192000K, 99% used [0x0000000080000000,0x000000008bb436c8,0x000000008bb80000)
 Metaspace       used 65940K, committed 67328K, reserved 1114112K
  class space    used 7010K, committed 7552K, reserved 1048576K
}
Event: 135.302 GC heap before
{Heap before GC invocations=252 (full 3):
 PSYoungGen      total 6656K, used 6591K [0x00000000d5580000, 0x00000000d5d00000, 0x0000000100000000)
  eden space 6144K, 100% used [0x00000000d5580000,0x00000000d5b80000,0x00000000d5b80000)
  from space 512K, 87% used [0x00000000d5c80000,0x00000000d5ceff70,0x00000000d5d00000)
  to   space 512K, 0% used [0x00000000d5c00000,0x00000000d5c00000,0x00000000d5c80000)
 ParOldGen       total 192000K, used 191757K [0x0000000080000000, 0x000000008bb80000, 0x00000000d5580000)
  object space 192000K, 99% used [0x0000000080000000,0x000000008bb436c8,0x000000008bb80000)
 Metaspace       used 66041K, committed 67456K, reserved 1114112K
  class space    used 7018K, committed 7552K, reserved 1048576K
}
Event: 135.305 GC heap after
{Heap after GC invocations=252 (full 3):
 PSYoungGen      total 6656K, used 462K [0x00000000d5580000, 0x00000000d5d00000, 0x0000000100000000)
  eden space 6144K, 0% used [0x00000000d5580000,0x00000000d5580000,0x00000000d5b80000)
  from space 512K, 90% used [0x00000000d5c00000,0x00000000d5c73b00,0x00000000d5c80000)
  to   space 512K, 0% used [0x00000000d5c80000,0x00000000d5c80000,0x00000000d5d00000)
 ParOldGen       total 192512K, used 192028K [0x0000000080000000, 0x000000008bc00000, 0x00000000d5580000)
  object space 192512K, 99% used [0x0000000080000000,0x000000008bb87158,0x000000008bc00000)
 Metaspace       used 66041K, committed 67456K, reserved 1114112K
  class space    used 7018K, committed 7552K, reserved 1048576K
}
Event: 136.081 GC heap before
{Heap before GC invocations=253 (full 3):
 PSYoungGen      total 6656K, used 6606K [0x00000000d5580000, 0x00000000d5d00000, 0x0000000100000000)
  eden space 6144K, 100% used [0x00000000d5580000,0x00000000d5b80000,0x00000000d5b80000)
  from space 512K, 90% used [0x00000000d5c00000,0x00000000d5c73b00,0x00000000d5c80000)
  to   space 512K, 0% used [0x00000000d5c80000,0x00000000d5c80000,0x00000000d5d00000)
 ParOldGen       total 192512K, used 192028K [0x0000000080000000, 0x000000008bc00000, 0x00000000d5580000)
  object space 192512K, 99% used [0x0000000080000000,0x000000008bb87158,0x000000008bc00000)
 Metaspace       used 66614K, committed 68096K, reserved 1114112K
  class space    used 7096K, committed 7680K, reserved 1048576K
}
Event: 136.087 GC heap after
{Heap after GC invocations=253 (full 3):
 PSYoungGen      total 6144K, used 512K [0x00000000d5580000, 0x00000000d5e80000, 0x0000000100000000)
  eden space 5632K, 0% used [0x00000000d5580000,0x00000000d5580000,0x00000000d5b00000)
  from space 512K, 100% used [0x00000000d5c80000,0x00000000d5d00000,0x00000000d5d00000)
  to   space 1536K, 0% used [0x00000000d5b00000,0x00000000d5b00000,0x00000000d5c80000)
 ParOldGen       total 193024K, used 192524K [0x0000000080000000, 0x000000008bc80000, 0x00000000d5580000)
  object space 193024K, 99% used [0x0000000080000000,0x000000008bc033f8,0x000000008bc80000)
 Metaspace       used 66614K, committed 68096K, reserved 1114112K
  class space    used 7096K, committed 7680K, reserved 1048576K
}
Event: 136.403 GC heap before
{Heap before GC invocations=254 (full 3):
 PSYoungGen      total 6144K, used 6144K [0x00000000d5580000, 0x00000000d5e80000, 0x0000000100000000)
  eden space 5632K, 100% used [0x00000000d5580000,0x00000000d5b00000,0x00000000d5b00000)
  from space 512K, 100% used [0x00000000d5c80000,0x00000000d5d00000,0x00000000d5d00000)
  to   space 1536K, 0% used [0x00000000d5b00000,0x00000000d5b00000,0x00000000d5c80000)
 ParOldGen       total 193024K, used 192524K [0x0000000080000000, 0x000000008bc80000, 0x00000000d5580000)
  object space 193024K, 99% used [0x0000000080000000,0x000000008bc033f8,0x000000008bc80000)
 Metaspace       used 66872K, committed 68288K, reserved 1114112K
  class space    used 7118K, committed 7680K, reserved 1048576K
}
Event: 136.413 GC heap after
{Heap after GC invocations=254 (full 3):
 PSYoungGen      total 6656K, used 560K [0x00000000d5580000, 0x00000000d5d00000, 0x0000000100000000)
  eden space 5632K, 0% used [0x00000000d5580000,0x00000000d5580000,0x00000000d5b00000)
  from space 1024K, 54% used [0x00000000d5b00000,0x00000000d5b8c180,0x00000000d5c00000)
  to   space 1024K, 0% used [0x00000000d5c00000,0x00000000d5c00000,0x00000000d5d00000)
 ParOldGen       total 193024K, used 192989K [0x0000000080000000, 0x000000008bc80000, 0x00000000d5580000)
  object space 193024K, 99% used [0x0000000080000000,0x000000008bc77408,0x000000008bc80000)
 Metaspace       used 66872K, committed 68288K, reserved 1114112K
  class space    used 7118K, committed 7680K, reserved 1048576K
}
Event: 136.734 GC heap before
{Heap before GC invocations=255 (full 3):
 PSYoungGen      total 6656K, used 6192K [0x00000000d5580000, 0x00000000d5d00000, 0x0000000100000000)
  eden space 5632K, 100% used [0x00000000d5580000,0x00000000d5b00000,0x00000000d5b00000)
  from space 1024K, 54% used [0x00000000d5b00000,0x00000000d5b8c180,0x00000000d5c00000)
  to   space 1024K, 0% used [0x00000000d5c00000,0x00000000d5c00000,0x00000000d5d00000)
 ParOldGen       total 193024K, used 192989K [0x0000000080000000, 0x000000008bc80000, 0x00000000d5580000)
  object space 193024K, 99% used [0x0000000080000000,0x000000008bc77408,0x000000008bc80000)
 Metaspace       used 67105K, committed 68544K, reserved 1114112K
  class space    used 7131K, committed 7680K, reserved 1048576K
}
Event: 136.738 GC heap after
{Heap after GC invocations=255 (full 3):
 PSYoungGen      total 6656K, used 624K [0x00000000d5580000, 0x00000000d5d00000, 0x0000000100000000)
  eden space 5632K, 0% used [0x00000000d5580000,0x00000000d5580000,0x00000000d5b00000)
  from space 1024K, 61% used [0x00000000d5c00000,0x00000000d5c9c2d8,0x00000000d5d00000)
  to   space 1024K, 0% used [0x00000000d5b00000,0x00000000d5b00000,0x00000000d5c00000)
 ParOldGen       total 193536K, used 193358K [0x0000000080000000, 0x000000008bd00000, 0x00000000d5580000)
  object space 193536K, 99% used [0x0000000080000000,0x000000008bcd3828,0x000000008bd00000)
 Metaspace       used 67105K, committed 68544K, reserved 1114112K
  class space    used 7131K, committed 7680K, reserved 1048576K
}
Event: 137.379 GC heap before
{Heap before GC invocations=256 (full 3):
 PSYoungGen      total 6656K, used 6212K [0x00000000d5580000, 0x00000000d5d00000, 0x0000000100000000)
  eden space 5632K, 99% used [0x00000000d5580000,0x00000000d5af4f00,0x00000000d5b00000)
  from space 1024K, 61% used [0x00000000d5c00000,0x00000000d5c9c2d8,0x00000000d5d00000)
  to   space 1024K, 0% used [0x00000000d5b00000,0x00000000d5b00000,0x00000000d5c00000)
 ParOldGen       total 193536K, used 193358K [0x0000000080000000, 0x000000008bd00000, 0x00000000d5580000)
  object space 193536K, 99% used [0x0000000080000000,0x000000008bcd3828,0x000000008bd00000)
 Metaspace       used 67852K, committed 69248K, reserved 1114112K
  class space    used 7197K, committed 7744K, reserved 1048576K
}
Event: 137.383 GC heap after
{Heap after GC invocations=256 (full 3):
 PSYoungGen      total 6656K, used 787K [0x00000000d5580000, 0x00000000d5d00000, 0x0000000100000000)
  eden space 5632K, 0% used [0x00000000d5580000,0x00000000d5580000,0x00000000d5b00000)
  from space 1024K, 76% used [0x00000000d5b00000,0x00000000d5bc4da8,0x00000000d5c00000)
  to   space 1024K, 0% used [0x00000000d5c00000,0x00000000d5c00000,0x00000000d5d00000)
 ParOldGen       total 194048K, used 193880K [0x0000000080000000, 0x000000008bd80000, 0x00000000d5580000)
  object space 194048K, 99% used [0x0000000080000000,0x000000008bd56158,0x000000008bd80000)
 Metaspace       used 67852K, committed 69248K, reserved 1114112K
  class space    used 7197K, committed 7744K, reserved 1048576K
}
Event: 198.940 GC heap before
{Heap before GC invocations=257 (full 3):
 PSYoungGen      total 6656K, used 6419K [0x00000000d5580000, 0x00000000d5d00000, 0x0000000100000000)
  eden space 5632K, 100% used [0x00000000d5580000,0x00000000d5b00000,0x00000000d5b00000)
  from space 1024K, 76% used [0x00000000d5b00000,0x00000000d5bc4da8,0x00000000d5c00000)
  to   space 1024K, 0% used [0x00000000d5c00000,0x00000000d5c00000,0x00000000d5d00000)
 ParOldGen       total 194048K, used 193880K [0x0000000080000000, 0x000000008bd80000, 0x00000000d5580000)
  object space 194048K, 99% used [0x0000000080000000,0x000000008bd56158,0x000000008bd80000)
 Metaspace       used 68108K, committed 69568K, reserved 1114112K
  class space    used 7221K, committed 7808K, reserved 1048576K
}
Event: 199.018 GC heap after
{Heap after GC invocations=257 (full 3):
 PSYoungGen      total 6656K, used 423K [0x00000000d5580000, 0x00000000d5d00000, 0x0000000100000000)
  eden space 5632K, 0% used [0x00000000d5580000,0x00000000d5580000,0x00000000d5b00000)
  from space 1024K, 41% used [0x00000000d5c00000,0x00000000d5c69e90,0x00000000d5d00000)
  to   space 1024K, 0% used [0x00000000d5b00000,0x00000000d5b00000,0x00000000d5c00000)
 ParOldGen       total 194560K, used 194306K [0x0000000080000000, 0x000000008be00000, 0x00000000d5580000)
  object space 194560K, 99% used [0x0000000080000000,0x000000008bdc09f8,0x000000008be00000)
 Metaspace       used 68108K, committed 69568K, reserved 1114112K
  class space    used 7221K, committed 7808K, reserved 1048576K
}

